2023-12-17T19:29:47+00:00 CRITICAL Uncaught ValueError: strrpos(): Argument #3 ($offset) must be contained in argument #1 ($haystack) in C:\wamp64\www\nancyprints\wp-content\plugins\revslider\includes\functions.class.php:387
Stack trace:
#0 C:\wamp64\www\nancyprints\wp-content\plugins\revslider\includes\functions.class.php(387): strrpos('', '.', -1)
#1 C:\wamp64\www\nancyprints\wp-content\plugins\revslider\includes\slide.class.php(2332): RevSliderFunctions->check_valid_image(false)
#2 C:\wamp64\www\nancyprints\wp-content\plugins\revslider\includes\slider.class.php(2278): RevSliderSlide->get_overview_image_attributes('gallery')
#3 C:\wamp64\www\nancyprints\wp-content\plugins\revslider\admin\revslider-admin.class.php(857): RevSliderSlider->get_overview_data()
#4 C:\wamp64\www\nancyprints\wp-includes\class-wp-hook.php(324): RevSliderAdmin->do_ajax_action('')
#5 C:\wamp64\www\nancyprints\wp-includes\class-wp-hook.php(348): WP_Hook->apply_filters('', Array)
#6 C:\wamp64\www\nancyprints\wp-includes\plugin.php(517): WP_Hook->do_action(Array)
#7 C:\wamp64\www\nancyprints\wp-admin\admin-ajax.php(188): do_action('wp_ajax_revslid...')
#8 {main}
  thrown in C:\wamp64\www\nancyprints\wp-content\plugins\revslider\includes\functions.class.php on line 387

2023-12-17T19:29:47+00:00 CRITICAL Uncaught ValueError: strrpos(): Argument #3 ($offset) must be contained in argument #1 ($haystack) in C:\wamp64\www\nancyprints\wp-content\plugins\revslider\includes\functions.class.php:387
Stack trace:
#0 C:\wamp64\www\nancyprints\wp-content\plugins\revslider\includes\functions.class.php(387): strrpos('', '.', -1)
#1 C:\wamp64\www\nancyprints\wp-content\plugins\revslider\includes\slide.class.php(2332): RevSliderFunctions->check_valid_image(false)
#2 C:\wamp64\www\nancyprints\wp-content\plugins\revslider\includes\slider.class.php(2278): RevSliderSlide->get_overview_image_attributes('gallery')
#3 C:\wamp64\www\nancyprints\wp-content\plugins\revslider\admin\revslider-admin.class.php(857): RevSliderSlider->get_overview_data()
#4 C:\wamp64\www\nancyprints\wp-includes\class-wp-hook.php(324): RevSliderAdmin->do_ajax_action('')
#5 C:\wamp64\www\nancyprints\wp-includes\class-wp-hook.php(348): WP_Hook->apply_filters('', Array)
#6 C:\wamp64\www\nancyprints\wp-includes\plugin.php(517): WP_Hook->do_action(Array)
#7 C:\wamp64\www\nancyprints\wp-admin\admin-ajax.php(188): do_action('wp_ajax_revslid...')
#8 {main}
  thrown in C:\wamp64\www\nancyprints\wp-content\plugins\revslider\includes\functions.class.php on line 387

2023-12-17T19:29:48+00:00 CRITICAL Uncaught ValueError: strrpos(): Argument #3 ($offset) must be contained in argument #1 ($haystack) in C:\wamp64\www\nancyprints\wp-content\plugins\revslider\includes\functions.class.php:387
Stack trace:
#0 C:\wamp64\www\nancyprints\wp-content\plugins\revslider\includes\functions.class.php(387): strrpos('', '.', -1)
#1 C:\wamp64\www\nancyprints\wp-content\plugins\revslider\includes\slide.class.php(2332): RevSliderFunctions->check_valid_image(false)
#2 C:\wamp64\www\nancyprints\wp-content\plugins\revslider\includes\slider.class.php(2278): RevSliderSlide->get_overview_image_attributes('gallery')
#3 C:\wamp64\www\nancyprints\wp-content\plugins\revslider\admin\revslider-admin.class.php(857): RevSliderSlider->get_overview_data()
#4 C:\wamp64\www\nancyprints\wp-includes\class-wp-hook.php(324): RevSliderAdmin->do_ajax_action('')
#5 C:\wamp64\www\nancyprints\wp-includes\class-wp-hook.php(348): WP_Hook->apply_filters('', Array)
#6 C:\wamp64\www\nancyprints\wp-includes\plugin.php(517): WP_Hook->do_action(Array)
#7 C:\wamp64\www\nancyprints\wp-admin\admin-ajax.php(188): do_action('wp_ajax_revslid...')
#8 {main}
  thrown in C:\wamp64\www\nancyprints\wp-content\plugins\revslider\includes\functions.class.php on line 387

2023-12-17T19:29:49+00:00 CRITICAL Uncaught ValueError: strrpos(): Argument #3 ($offset) must be contained in argument #1 ($haystack) in C:\wamp64\www\nancyprints\wp-content\plugins\revslider\includes\functions.class.php:387
Stack trace:
#0 C:\wamp64\www\nancyprints\wp-content\plugins\revslider\includes\functions.class.php(387): strrpos('', '.', -1)
#1 C:\wamp64\www\nancyprints\wp-content\plugins\revslider\includes\slide.class.php(2332): RevSliderFunctions->check_valid_image(false)
#2 C:\wamp64\www\nancyprints\wp-content\plugins\revslider\includes\slider.class.php(2278): RevSliderSlide->get_overview_image_attributes('gallery')
#3 C:\wamp64\www\nancyprints\wp-content\plugins\revslider\admin\revslider-admin.class.php(857): RevSliderSlider->get_overview_data()
#4 C:\wamp64\www\nancyprints\wp-includes\class-wp-hook.php(324): RevSliderAdmin->do_ajax_action('')
#5 C:\wamp64\www\nancyprints\wp-includes\class-wp-hook.php(348): WP_Hook->apply_filters('', Array)
#6 C:\wamp64\www\nancyprints\wp-includes\plugin.php(517): WP_Hook->do_action(Array)
#7 C:\wamp64\www\nancyprints\wp-admin\admin-ajax.php(188): do_action('wp_ajax_revslid...')
#8 {main}
  thrown in C:\wamp64\www\nancyprints\wp-content\plugins\revslider\includes\functions.class.php on line 387

2023-12-17T19:29:50+00:00 CRITICAL Uncaught ValueError: strrpos(): Argument #3 ($offset) must be contained in argument #1 ($haystack) in C:\wamp64\www\nancyprints\wp-content\plugins\revslider\includes\functions.class.php:387
Stack trace:
#0 C:\wamp64\www\nancyprints\wp-content\plugins\revslider\includes\functions.class.php(387): strrpos('', '.', -1)
#1 C:\wamp64\www\nancyprints\wp-content\plugins\revslider\includes\slide.class.php(2332): RevSliderFunctions->check_valid_image(false)
#2 C:\wamp64\www\nancyprints\wp-content\plugins\revslider\includes\slider.class.php(2278): RevSliderSlide->get_overview_image_attributes('gallery')
#3 C:\wamp64\www\nancyprints\wp-content\plugins\revslider\admin\revslider-admin.class.php(857): RevSliderSlider->get_overview_data()
#4 C:\wamp64\www\nancyprints\wp-includes\class-wp-hook.php(324): RevSliderAdmin->do_ajax_action('')
#5 C:\wamp64\www\nancyprints\wp-includes\class-wp-hook.php(348): WP_Hook->apply_filters('', Array)
#6 C:\wamp64\www\nancyprints\wp-includes\plugin.php(517): WP_Hook->do_action(Array)
#7 C:\wamp64\www\nancyprints\wp-admin\admin-ajax.php(188): do_action('wp_ajax_revslid...')
#8 {main}
  thrown in C:\wamp64\www\nancyprints\wp-content\plugins\revslider\includes\functions.class.php on line 387

2023-12-17T19:29:50+00:00 CRITICAL Uncaught ValueError: strrpos(): Argument #3 ($offset) must be contained in argument #1 ($haystack) in C:\wamp64\www\nancyprints\wp-content\plugins\revslider\includes\functions.class.php:387
Stack trace:
#0 C:\wamp64\www\nancyprints\wp-content\plugins\revslider\includes\functions.class.php(387): strrpos('', '.', -1)
#1 C:\wamp64\www\nancyprints\wp-content\plugins\revslider\includes\slide.class.php(2332): RevSliderFunctions->check_valid_image(false)
#2 C:\wamp64\www\nancyprints\wp-content\plugins\revslider\includes\slider.class.php(2278): RevSliderSlide->get_overview_image_attributes('gallery')
#3 C:\wamp64\www\nancyprints\wp-content\plugins\revslider\admin\revslider-admin.class.php(857): RevSliderSlider->get_overview_data()
#4 C:\wamp64\www\nancyprints\wp-includes\class-wp-hook.php(324): RevSliderAdmin->do_ajax_action('')
#5 C:\wamp64\www\nancyprints\wp-includes\class-wp-hook.php(348): WP_Hook->apply_filters('', Array)
#6 C:\wamp64\www\nancyprints\wp-includes\plugin.php(517): WP_Hook->do_action(Array)
#7 C:\wamp64\www\nancyprints\wp-admin\admin-ajax.php(188): do_action('wp_ajax_revslid...')
#8 {main}
  thrown in C:\wamp64\www\nancyprints\wp-content\plugins\revslider\includes\functions.class.php on line 387

2023-12-17T19:29:59+00:00 CRITICAL Uncaught ValueError: strrpos(): Argument #3 ($offset) must be contained in argument #1 ($haystack) in C:\wamp64\www\nancyprints\wp-content\plugins\revslider\includes\functions.class.php:387
Stack trace:
#0 C:\wamp64\www\nancyprints\wp-content\plugins\revslider\includes\functions.class.php(387): strrpos('', '.', -1)
#1 C:\wamp64\www\nancyprints\wp-content\plugins\revslider\includes\slide.class.php(2332): RevSliderFunctions->check_valid_image(false)
#2 C:\wamp64\www\nancyprints\wp-content\plugins\revslider\includes\slider.class.php(2278): RevSliderSlide->get_overview_image_attributes('gallery')
#3 C:\wamp64\www\nancyprints\wp-content\plugins\revslider\admin\revslider-admin.class.php(857): RevSliderSlider->get_overview_data()
#4 C:\wamp64\www\nancyprints\wp-includes\class-wp-hook.php(324): RevSliderAdmin->do_ajax_action('')
#5 C:\wamp64\www\nancyprints\wp-includes\class-wp-hook.php(348): WP_Hook->apply_filters('', Array)
#6 C:\wamp64\www\nancyprints\wp-includes\plugin.php(517): WP_Hook->do_action(Array)
#7 C:\wamp64\www\nancyprints\wp-admin\admin-ajax.php(188): do_action('wp_ajax_revslid...')
#8 {main}
  thrown in C:\wamp64\www\nancyprints\wp-content\plugins\revslider\includes\functions.class.php on line 387

2023-12-17T19:30:58+00:00 CRITICAL Uncaught ValueError: strrpos(): Argument #3 ($offset) must be contained in argument #1 ($haystack) in C:\wamp64\www\nancyprints\wp-content\plugins\revslider\includes\functions.class.php:387
Stack trace:
#0 C:\wamp64\www\nancyprints\wp-content\plugins\revslider\includes\functions.class.php(387): strrpos('', '.', -1)
#1 C:\wamp64\www\nancyprints\wp-content\plugins\revslider\includes\slide.class.php(2332): RevSliderFunctions->check_valid_image(false)
#2 C:\wamp64\www\nancyprints\wp-content\plugins\revslider\includes\slider.class.php(2278): RevSliderSlide->get_overview_image_attributes('gallery')
#3 C:\wamp64\www\nancyprints\wp-content\plugins\revslider\admin\revslider-admin.class.php(857): RevSliderSlider->get_overview_data()
#4 C:\wamp64\www\nancyprints\wp-includes\class-wp-hook.php(324): RevSliderAdmin->do_ajax_action('')
#5 C:\wamp64\www\nancyprints\wp-includes\class-wp-hook.php(348): WP_Hook->apply_filters('', Array)
#6 C:\wamp64\www\nancyprints\wp-includes\plugin.php(517): WP_Hook->do_action(Array)
#7 C:\wamp64\www\nancyprints\wp-admin\admin-ajax.php(188): do_action('wp_ajax_revslid...')
#8 {main}
  thrown in C:\wamp64\www\nancyprints\wp-content\plugins\revslider\includes\functions.class.php on line 387

2023-12-17T19:32:45+00:00 CRITICAL Uncaught ValueError: strrpos(): Argument #3 ($offset) must be contained in argument #1 ($haystack) in C:\wamp64\www\nancyprints\wp-content\plugins\revslider\includes\functions.class.php:387
Stack trace:
#0 C:\wamp64\www\nancyprints\wp-content\plugins\revslider\includes\functions.class.php(387): strrpos('', '.', -1)
#1 C:\wamp64\www\nancyprints\wp-content\plugins\revslider\includes\slide.class.php(2332): RevSliderFunctions->check_valid_image(false)
#2 C:\wamp64\www\nancyprints\wp-content\plugins\revslider\includes\slider.class.php(2278): RevSliderSlide->get_overview_image_attributes('gallery')
#3 C:\wamp64\www\nancyprints\wp-content\plugins\revslider\admin\revslider-admin.class.php(857): RevSliderSlider->get_overview_data()
#4 C:\wamp64\www\nancyprints\wp-includes\class-wp-hook.php(324): RevSliderAdmin->do_ajax_action('')
#5 C:\wamp64\www\nancyprints\wp-includes\class-wp-hook.php(348): WP_Hook->apply_filters('', Array)
#6 C:\wamp64\www\nancyprints\wp-includes\plugin.php(517): WP_Hook->do_action(Array)
#7 C:\wamp64\www\nancyprints\wp-admin\admin-ajax.php(188): do_action('wp_ajax_revslid...')
#8 {main}
  thrown in C:\wamp64\www\nancyprints\wp-content\plugins\revslider\includes\functions.class.php on line 387

2023-12-17T19:33:27+00:00 CRITICAL Uncaught ValueError: strrpos(): Argument #3 ($offset) must be contained in argument #1 ($haystack) in C:\wamp64\www\nancyprints\wp-content\plugins\revslider\includes\functions.class.php:387
Stack trace:
#0 C:\wamp64\www\nancyprints\wp-content\plugins\revslider\includes\functions.class.php(387): strrpos('', '.', -1)
#1 C:\wamp64\www\nancyprints\wp-content\plugins\revslider\includes\slide.class.php(2332): RevSliderFunctions->check_valid_image(false)
#2 C:\wamp64\www\nancyprints\wp-content\plugins\revslider\includes\slider.class.php(2278): RevSliderSlide->get_overview_image_attributes('gallery')
#3 C:\wamp64\www\nancyprints\wp-content\plugins\revslider\admin\includes\functions-admin.class.php(191): RevSliderSlider->get_overview_data()
#4 C:\wamp64\www\nancyprints\wp-content\plugins\revslider\admin\includes\functions-admin.class.php(126): RevSliderFunctionsAdmin->get_slider_overview()
#5 C:\wamp64\www\nancyprints\wp-content\plugins\revslider\admin\views\header.php(11): RevSliderFunctionsAdmin->get_short_library()
#6 C:\wamp64\www\nancyprints\wp-content\plugins\revslider\admin\revslider-admin.class.php(2205): require('C:\\wamp64\\www\\n...')
#7 C:\wamp64\www\nancyprints\wp-includes\class-wp-hook.php(324): RevSliderAdmin->display_admin_page('')
#8 C:\wamp64\www\nancyprints\wp-includes\class-wp-hook.php(348): WP_Hook->apply_filters('', Array)
#9 C:\wamp64\www\nancyprints\wp-includes\plugin.php(517): WP_Hook->do_action(Array)
#10 C:\wamp64\www\nancyprints\wp-admin\admin.php(259): do_action('toplevel_page_r...')
#11 {main}
  thrown in C:\wamp64\www\nancyprints\wp-content\plugins\revslider\includes\functions.class.php on line 387

